<?xml version="1.0" encoding="UTF-8"?>
<testsuite name="IntroLabTest" tests="2" skipped="0" failures="1" errors="0" timestamp="2023-05-18T22:50:44" hostname="RISHIT-DAGLI" time="0.048">
  <properties/>
  <testcase name="testExampleStudent" classname="IntroLabTest" time="0.046">
    <failure message="org.junit.runners.model.TestTimedOutException: test timed out after 10 milliseconds" type="org.junit.runners.model.TestTimedOutException">org.junit.runners.model.TestTimedOutException: test timed out after 10 milliseconds
	at java.base@11.0.19/jdk.internal.org.objectweb.asm.Item.isEqualTo(Item.java:321)
	at java.base@11.0.19/jdk.internal.org.objectweb.asm.ClassWriter.get(ClassWriter.java:1817)
	at java.base@11.0.19/jdk.internal.org.objectweb.asm.ClassWriter.addType(ClassWriter.java:1683)
	at java.base@11.0.19/jdk.internal.org.objectweb.asm.Frame.type(Frame.java:778)
	at java.base@11.0.19/jdk.internal.org.objectweb.asm.Frame.initInputFrame(Frame.java:958)
	at java.base@11.0.19/jdk.internal.org.objectweb.asm.MethodWriter.visitMaxs(MethodWriter.java:1493)
	at java.base@11.0.19/java.lang.invoke.InvokerBytecodeGenerator.methodEpilogue(InvokerBytecodeGenerator.java:331)
	at java.base@11.0.19/java.lang.invoke.InvokerBytecodeGenerator.addMethod(InvokerBytecodeGenerator.java:853)
	at java.base@11.0.19/java.lang.invoke.InvokerBytecodeGenerator.generateCustomizedCodeBytes(InvokerBytecodeGenerator.java:735)
	at java.base@11.0.19/java.lang.invoke.InvokerBytecodeGenerator.generateCustomizedCode(InvokerBytecodeGenerator.java:693)
	at java.base@11.0.19/java.lang.invoke.LambdaForm.compileToBytecode(LambdaForm.java:871)
	at java.base@11.0.19/java.lang.invoke.DirectMethodHandle.makePreparedLambdaForm(DirectMethodHandle.java:287)
	at java.base@11.0.19/java.lang.invoke.DirectMethodHandle.preparedLambdaForm(DirectMethodHandle.java:216)
	at java.base@11.0.19/java.lang.invoke.DirectMethodHandle.preparedLambdaForm(DirectMethodHandle.java:201)
	at java.base@11.0.19/java.lang.invoke.DirectMethodHandle.preparedLambdaForm(DirectMethodHandle.java:210)
	at java.base@11.0.19/java.lang.invoke.DirectMethodHandle.make(DirectMethodHandle.java:105)
	at java.base@11.0.19/java.lang.invoke.MethodHandles$Lookup.getDirectMethodCommon(MethodHandles.java:2322)
	at java.base@11.0.19/java.lang.invoke.MethodHandles$Lookup.getDirectMethod(MethodHandles.java:2266)
	at java.base@11.0.19/java.lang.invoke.MethodHandles$Lookup.findStatic(MethodHandles.java:1103)
	at java.base@11.0.19/java.lang.invoke.ClassSpecializer$Factory.findFactory(ClassSpecializer.java:1005)
	at java.base@11.0.19/java.lang.invoke.ClassSpecializer$Factory.findFactories(ClassSpecializer.java:913)
	at java.base@11.0.19/java.lang.invoke.ClassSpecializer$Factory.linkSpeciesDataToCode(ClassSpecializer.java:932)
	at java.base@11.0.19/java.lang.invoke.ClassSpecializer$Factory.loadSpecies(ClassSpecializer.java:485)
	at java.base@11.0.19/java.lang.invoke.ClassSpecializer.findSpecies(ClassSpecializer.java:194)
	at java.base@11.0.19/java.lang.invoke.BoundMethodHandle$SpeciesData.extendWith(BoundMethodHandle.java:352)
	at java.base@11.0.19/java.lang.invoke.LambdaFormEditor.newSpeciesData(LambdaFormEditor.java:388)
	at java.base@11.0.19/java.lang.invoke.LambdaFormEditor.makeArgumentCombinationForm(LambdaFormEditor.java:658)
	at java.base@11.0.19/java.lang.invoke.LambdaFormEditor.filterArgumentForm(LambdaFormEditor.java:639)
	at java.base@11.0.19/java.lang.invoke.MethodHandles.filterArgument(MethodHandles.java:3877)
	at java.base@11.0.19/java.lang.invoke.MethodHandles.filterArguments(MethodHandles.java:3865)
	at java.base@11.0.19/java.lang.invoke.StringConcatFactory$MethodHandleInlineCopyStrategy.generate(StringConcatFactory.java:1625)
	at java.base@11.0.19/java.lang.invoke.StringConcatFactory.generate(StringConcatFactory.java:756)
	at java.base@11.0.19/java.lang.invoke.StringConcatFactory.doStringConcat(StringConcatFactory.java:665)
	at java.base@11.0.19/java.lang.invoke.StringConcatFactory.makeConcatWithConstants(StringConcatFactory.java:581)
	at java.base@11.0.19/java.lang.invoke.DirectMethodHandle$Holder.invokeStatic(DirectMethodHandle$Holder)
	at java.base@11.0.19/java.lang.invoke.DelegatingMethodHandle$Holder.delegate(DelegatingMethodHandle$Holder)
	at java.base@11.0.19/java.lang.invoke.Invokers$Holder.invokeExact_MT(Invokers$Holder)
	at java.base@11.0.19/java.lang.invoke.BootstrapMethodInvoker.invoke(BootstrapMethodInvoker.java:99)
	at java.base@11.0.19/java.lang.invoke.CallSite.makeSite(CallSite.java:307)
	at java.base@11.0.19/java.lang.invoke.MethodHandleNatives.linkCallSiteImpl(MethodHandleNatives.java:258)
	at java.base@11.0.19/java.lang.invoke.MethodHandleNatives.linkCallSite(MethodHandleNatives.java:248)
	at app//IntroLab.printLabMessage(IntroLab.java:25)
	at app//IntroLab.exampleStudent(IntroLab.java:52)
	at app//IntroLabTest.testExampleStudent(IntroLabTest.java:24)
	at java.base@11.0.19/jdk.internal.reflect.NativeMethodAccessorImpl.invoke0(Native Method)
	at java.base@11.0.19/jdk.internal.reflect.NativeMethodAccessorImpl.invoke(NativeMethodAccessorImpl.java:62)
	at java.base@11.0.19/jdk.internal.reflect.DelegatingMethodAccessorImpl.invoke(DelegatingMethodAccessorImpl.java:43)
	at java.base@11.0.19/java.lang.reflect.Method.invoke(Method.java:566)
	at app//org.junit.runners.model.FrameworkMethod$1.runReflectiveCall(FrameworkMethod.java:59)
	at app//org.junit.internal.runners.model.ReflectiveCallable.run(ReflectiveCallable.java:12)
	at app//org.junit.runners.model.FrameworkMethod.invokeExplosively(FrameworkMethod.java:56)
	at app//org.junit.internal.runners.statements.InvokeMethod.evaluate(InvokeMethod.java:17)
	at app//org.junit.internal.runners.statements.FailOnTimeout$CallableStatement.call(FailOnTimeout.java:288)
	at app//org.junit.internal.runners.statements.FailOnTimeout$CallableStatement.call(FailOnTimeout.java:282)
	at java.base@11.0.19/java.util.concurrent.FutureTask.run(FutureTask.java:264)
	at java.base@11.0.19/java.lang.Thread.run(Thread.java:829)
</failure>
  </testcase>
  <testcase name="testdagliris" classname="IntroLabTest" time="0.002"/>
  <system-out><![CDATA[]]></system-out>
  <system-err><![CDATA[]]></system-err>
</testsuite>
